<?xml version="1.0" encoding="UTF-8"?>
<!-- Generated by org.testng.reporters.JUnitReportReporter -->
<testsuite skipped="0" hostname="Sawan" name="mavenLearningProject.WindowHandling" tests="1" failures="0" timestamp="2020-09-01T11:46:59 IST" time="27.575" errors="0">
  <testcase name="browserLaunch" time="27.575" classname="mavenLearningProject.WindowHandling"/>
  <system-out/>
</testsuite> <!-- mavenLearningProject.WindowHandling -->
