<?xml version="1.0" encoding="UTF-8"?>
<!-- Generated by org.testng.reporters.JUnitReportReporter -->
<testsuite skipped="0" hostname="Sawan" name="mavenLearningProject.DownloadFileUsingFirefox" tests="1" failures="0" timestamp="2020-08-24T19:00:42 IST" time="36.115" errors="0">
  <testcase name="fileDownloadFF" time="36.115" classname="mavenLearningProject.DownloadFileUsingFirefox"/>
  <system-out/>
</testsuite> <!-- mavenLearningProject.DownloadFileUsingFirefox -->
