<?xml version="1.0" encoding="UTF-8"?>
<!-- Generated by org.testng.reporters.JUnitReportReporter -->
<testsuite skipped="0" hostname="Sawan" name="EventHandling.WindowHandling" tests="1" failures="0" timestamp="2020-09-02T22:21:12 IST" time="36.766" errors="0">
  <testcase name="browserLaunch" time="36.766" classname="EventHandling.WindowHandling"/>
  <system-out/>
</testsuite> <!-- EventHandling.WindowHandling -->
