<?xml version="1.0" encoding="UTF-8"?>
<!-- Generated by org.testng.reporters.JUnitReportReporter -->
<testsuite skipped="0" hostname="Sawan" name="EventHandling.FileDownloadUsingChrome" tests="1" failures="0" timestamp="2020-09-09T13:49:35 IST" time="29.058" errors="0">
  <testcase name="downloadingFile" time="29.058" classname="EventHandling.FileDownloadUsingChrome"/>
  <system-out/>
</testsuite> <!-- EventHandling.FileDownloadUsingChrome -->
