<?xml version="1.0" encoding="UTF-8"?>
<!-- Generated by org.testng.reporters.JUnitReportReporter -->
<testsuite skipped="0" hostname="Sawan" name="mavenLearningProject.FileDownloadUsingChrome" tests="1" failures="0" timestamp="2020-08-24T13:57:30 IST" time="24.356" errors="0">
  <testcase name="downloadingFile" time="24.356" classname="mavenLearningProject.FileDownloadUsingChrome"/>
  <system-out/>
</testsuite> <!-- mavenLearningProject.FileDownloadUsingChrome -->
